<?xml version="1.0" encoding="UTF-8"?>
<robot generator="Robot 7.4.1 (Python 3.9.13 on win32)" generated="2026-02-02T14:10:07.445211" rpa="false" schemaversion="5">
<suite id="s1" name="TC005 flask" source="C:\Users\KIIT\OneDrive\Desktop\wipro class question\RobotFW\TC005_flask.robot">
<test id="s1-t1" name="Create new user" line="7">
<kw name="Create Session" owner="RequestsLibrary">
<msg time="2026-02-02T14:10:07.717861" level="INFO">Creating Session using : alias=postingsession, url=http://127.0.0.1:5000, headers={},                     cookies={}, auth=None, timeout=None, proxies=None, verify=False,                     debug=0 </msg>
<arg>postingsession</arg>
<arg>${baseurl}</arg>
<doc>Create Session: create a HTTP session to a server</doc>
<status status="PASS" start="2026-02-02T14:10:07.717861" elapsed="0.000000"/>
</kw>
<kw name="Create Dictionary" owner="BuiltIn">
<msg time="2026-02-02T14:10:07.720389" level="INFO">${data} = {'name': 'varsha'}</msg>
<var>${data}</var>
<arg>name=varsha</arg>
<doc>Creates and returns a dictionary based on the given ``items``.</doc>
<status status="PASS" start="2026-02-02T14:10:07.719434" elapsed="0.000955"/>
</kw>
<kw name="POST On Session" owner="RequestsLibrary">
<msg time="2026-02-02T14:10:07.729913" level="INFO">POST Request : url=http://127.0.0.1:5000/users 
 path_url=/users 
 headers={'User-Agent': 'python-requests/2.32.5', 'Accept-Encoding': 'gzip, deflate', 'Accept': '*/*', 'Connection': 'keep-alive', 'Content-Length': '18', 'Content-Type': 'application/json'} 
 body=b'{"name": "varsha"}' 
 </msg>
<msg time="2026-02-02T14:10:07.729977" level="INFO">POST Response : url=http://127.0.0.1:5000/users 
 status=405, reason=METHOD NOT ALLOWED 
 headers={'Server': 'Werkzeug/3.1.5 Python/3.12.1', 'Date': 'Mon, 02 Feb 2026 08:40:07 GMT', 'Content-Type': 'text/html; charset=utf-8', 'Allow': 'GET, OPTIONS, HEAD', 'Content-Length': '153', 'Connection': 'close'} 
 body=&lt;!doctype html&gt;
&lt;html lang=en&gt;
&lt;title&gt;405 Method Not Allowed&lt;/title&gt;
&lt;h1&gt;Method Not Allowed&lt;/h1&gt;
&lt;p&gt;The method is not allowed for the requested URL.&lt;/p&gt;
 
 </msg>
<msg time="2026-02-02T14:10:07.729977" level="FAIL">HTTPError: 405 Client Error: METHOD NOT ALLOWED for url: http://127.0.0.1:5000/users</msg>
<var>${response}</var>
<arg>postingsession</arg>
<arg>/users</arg>
<arg>json=${data}</arg>
<doc>Sends a POST request on a previously created HTTP Session.</doc>
<status status="FAIL" start="2026-02-02T14:10:07.721402" elapsed="0.013539">HTTPError: 405 Client Error: METHOD NOT ALLOWED for url: http://127.0.0.1:5000/users</status>
</kw>
<kw name="Status Should Be" owner="RequestsLibrary">
<arg>201</arg>
<arg>${response}</arg>
<doc>Fails if response status code is different than the expected.</doc>
<status status="NOT RUN" start="2026-02-02T14:10:07.734941" elapsed="0.000000"/>
</kw>
<kw name="Evaluate" owner="BuiltIn">
<var>${user_json}</var>
<arg>$response.json()</arg>
<doc>Evaluates the given expression in Python and returns the result.</doc>
<status status="NOT RUN" start="2026-02-02T14:10:07.735942" elapsed="0.000000"/>
</kw>
<kw name="Log" owner="BuiltIn">
<arg>${user_json}=</arg>
<arg>console=True</arg>
<doc>Logs the given message with the given level.</doc>
<status status="NOT RUN" start="2026-02-02T14:10:07.735942" elapsed="0.000000"/>
</kw>
<status status="FAIL" start="2026-02-02T14:10:07.717347" elapsed="0.018595">HTTPError: 405 Client Error: METHOD NOT ALLOWED for url: http://127.0.0.1:5000/users</status>
</test>
<test id="s1-t2" name="update user" line="14">
<kw name="Create Session" owner="RequestsLibrary">
<msg time="2026-02-02T14:10:07.737940" level="INFO">Creating Session using : alias=postingsession, url=http://127.0.0.1:5000, headers={},                     cookies={}, auth=None, timeout=None, proxies=None, verify=False,                     debug=0 </msg>
<arg>postingsession</arg>
<arg>${baseurl}</arg>
<doc>Create Session: create a HTTP session to a server</doc>
<status status="PASS" start="2026-02-02T14:10:07.736945" elapsed="0.000995"/>
</kw>
<kw name="Create Dictionary" owner="BuiltIn">
<msg time="2026-02-02T14:10:07.738943" level="INFO">${data} = {'name': 'Pooja'}</msg>
<var>${data}</var>
<arg>name=Pooja</arg>
<doc>Creates and returns a dictionary based on the given ``items``.</doc>
<status status="PASS" start="2026-02-02T14:10:07.737940" elapsed="0.001003"/>
</kw>
<kw name="PUT On Session" owner="RequestsLibrary">
<msg time="2026-02-02T14:10:07.743486" level="INFO">PUT Request : url=http://127.0.0.1:5000/users/1 
 path_url=/users/1 
 headers={'User-Agent': 'python-requests/2.32.5', 'Accept-Encoding': 'gzip, deflate', 'Accept': '*/*', 'Connection': 'keep-alive', 'Content-Length': '17', 'Content-Type': 'application/json'} 
 body=b'{"name": "Pooja"}' 
 </msg>
<msg time="2026-02-02T14:10:07.743486" level="INFO">PUT Response : url=http://127.0.0.1:5000/users/1 
 status=405, reason=METHOD NOT ALLOWED 
 headers={'Server': 'Werkzeug/3.1.5 Python/3.12.1', 'Date': 'Mon, 02 Feb 2026 08:40:07 GMT', 'Content-Type': 'text/html; charset=utf-8', 'Allow': 'GET, OPTIONS, HEAD', 'Content-Length': '153', 'Connection': 'close'} 
 body=&lt;!doctype html&gt;
&lt;html lang=en&gt;
&lt;title&gt;405 Method Not Allowed&lt;/title&gt;
&lt;h1&gt;Method Not Allowed&lt;/h1&gt;
&lt;p&gt;The method is not allowed for the requested URL.&lt;/p&gt;
 
 </msg>
<msg time="2026-02-02T14:10:07.743486" level="FAIL">HTTPError: 405 Client Error: METHOD NOT ALLOWED for url: http://127.0.0.1:5000/users/1</msg>
<var>${response}</var>
<arg>postingsession</arg>
<arg>/users/1</arg>
<arg>json=${data}</arg>
<doc>Sends a PUT request on a previously created HTTP Session.</doc>
<status status="FAIL" start="2026-02-02T14:10:07.738943" elapsed="0.004543">HTTPError: 405 Client Error: METHOD NOT ALLOWED for url: http://127.0.0.1:5000/users/1</status>
</kw>
<kw name="Status Should Be" owner="RequestsLibrary">
<arg>200</arg>
<arg>${response}</arg>
<doc>Fails if response status code is different than the expected.</doc>
<status status="NOT RUN" start="2026-02-02T14:10:07.744484" elapsed="0.000000"/>
</kw>
<kw name="Evaluate" owner="BuiltIn">
<var>${user_json}</var>
<arg>$response.json()</arg>
<doc>Evaluates the given expression in Python and returns the result.</doc>
<status status="NOT RUN" start="2026-02-02T14:10:07.745495" elapsed="0.000000"/>
</kw>
<kw name="Log" owner="BuiltIn">
<arg>${user_json}=</arg>
<arg>console=True</arg>
<doc>Logs the given message with the given level.</doc>
<status status="NOT RUN" start="2026-02-02T14:10:07.745495" elapsed="0.000000"/>
</kw>
<status status="FAIL" start="2026-02-02T14:10:07.736945" elapsed="0.009540">HTTPError: 405 Client Error: METHOD NOT ALLOWED for url: http://127.0.0.1:5000/users/1</status>
</test>
<test id="s1-t3" name="patch user" line="22">
<kw name="Create Session" owner="RequestsLibrary">
<msg time="2026-02-02T14:10:07.747487" level="INFO">Creating Session using : alias=postingsession, url=http://127.0.0.1:5000, headers={},                     cookies={}, auth=None, timeout=None, proxies=None, verify=False,                     debug=0 </msg>
<arg>postingsession</arg>
<arg>${baseurl}</arg>
<doc>Create Session: create a HTTP session to a server</doc>
<status status="PASS" start="2026-02-02T14:10:07.747487" elapsed="0.000000"/>
</kw>
<kw name="Create Dictionary" owner="BuiltIn">
<msg time="2026-02-02T14:10:07.748486" level="INFO">${data} = {'name': 'Pooja patched'}</msg>
<var>${data}</var>
<arg>name=Pooja patched</arg>
<doc>Creates and returns a dictionary based on the given ``items``.</doc>
<status status="PASS" start="2026-02-02T14:10:07.748486" elapsed="0.000000"/>
</kw>
<kw name="PUT On Session" owner="RequestsLibrary">
<msg time="2026-02-02T14:10:07.754438" level="INFO">PUT Request : url=http://127.0.0.1:5000/users/1 
 path_url=/users/1 
 headers={'User-Agent': 'python-requests/2.32.5', 'Accept-Encoding': 'gzip, deflate', 'Accept': '*/*', 'Connection': 'keep-alive', 'Content-Length': '25', 'Content-Type': 'application/json'} 
 body=b'{"name": "Pooja patched"}' 
 </msg>
<msg time="2026-02-02T14:10:07.754438" level="INFO">PUT Response : url=http://127.0.0.1:5000/users/1 
 status=405, reason=METHOD NOT ALLOWED 
 headers={'Server': 'Werkzeug/3.1.5 Python/3.12.1', 'Date': 'Mon, 02 Feb 2026 08:40:07 GMT', 'Content-Type': 'text/html; charset=utf-8', 'Allow': 'GET, OPTIONS, HEAD', 'Content-Length': '153', 'Connection': 'close'} 
 body=&lt;!doctype html&gt;
&lt;html lang=en&gt;
&lt;title&gt;405 Method Not Allowed&lt;/title&gt;
&lt;h1&gt;Method Not Allowed&lt;/h1&gt;
&lt;p&gt;The method is not allowed for the requested URL.&lt;/p&gt;
 
 </msg>
<msg time="2026-02-02T14:10:07.754438" level="FAIL">HTTPError: 405 Client Error: METHOD NOT ALLOWED for url: http://127.0.0.1:5000/users/1</msg>
<var>${response}</var>
<arg>postingsession</arg>
<arg>/users/1</arg>
<arg>json=${data}</arg>
<doc>Sends a PUT request on a previously created HTTP Session.</doc>
<status status="FAIL" start="2026-02-02T14:10:07.749488" elapsed="0.005960">HTTPError: 405 Client Error: METHOD NOT ALLOWED for url: http://127.0.0.1:5000/users/1</status>
</kw>
<kw name="Status Should Be" owner="RequestsLibrary">
<arg>200</arg>
<arg>${response}</arg>
<doc>Fails if response status code is different than the expected.</doc>
<status status="NOT RUN" start="2026-02-02T14:10:07.755448" elapsed="0.000000"/>
</kw>
<kw name="Evaluate" owner="BuiltIn">
<var>${user_json}</var>
<arg>$response.json()</arg>
<doc>Evaluates the given expression in Python and returns the result.</doc>
<status status="NOT RUN" start="2026-02-02T14:10:07.756482" elapsed="0.000000"/>
</kw>
<kw name="Log" owner="BuiltIn">
<arg>${user_json}=</arg>
<arg>console=True</arg>
<doc>Logs the given message with the given level.</doc>
<status status="NOT RUN" start="2026-02-02T14:10:07.756482" elapsed="0.000000"/>
</kw>
<status status="FAIL" start="2026-02-02T14:10:07.747487" elapsed="0.008995">HTTPError: 405 Client Error: METHOD NOT ALLOWED for url: http://127.0.0.1:5000/users/1</status>
</test>
<test id="s1-t4" name="Verify Get All Users" line="30">
<kw name="Create Session" owner="RequestsLibrary">
<msg time="2026-02-02T14:10:07.759462" level="INFO">Creating Session using : alias=mysession, url=http://127.0.0.1:5000, headers={},                     cookies={}, auth=None, timeout=None, proxies=None, verify=False,                     debug=0 </msg>
<arg>mysession</arg>
<arg>${baseurl}</arg>
<doc>Create Session: create a HTTP session to a server</doc>
<status status="PASS" start="2026-02-02T14:10:07.758459" elapsed="0.001003"/>
</kw>
<kw name="GET On Session" owner="RequestsLibrary">
<msg time="2026-02-02T14:10:07.766153" level="INFO">GET Request : url=http://127.0.0.1:5000/users 
 path_url=/users 
 headers={'User-Agent': 'python-requests/2.32.5', 'Accept-Encoding': 'gzip, deflate', 'Accept': '*/*', 'Connection': 'keep-alive'} 
 body=None 
 </msg>
<msg time="2026-02-02T14:10:07.767161" level="INFO">GET Response : url=http://127.0.0.1:5000/users 
 status=200, reason=OK 
 headers={'Server': 'Werkzeug/3.1.5 Python/3.12.1', 'Date': 'Mon, 02 Feb 2026 08:40:07 GMT', 'Content-Type': 'application/json', 'Content-Length': '85', 'Connection': 'close'} 
 body=[
  {
    "id": 1,
    "name": "Raja"
  },
  {
    "id": 2,
    "name": "Rama"
  }
]
 
 </msg>
<msg time="2026-02-02T14:10:07.767161" level="INFO">${response} = &lt;Response [200]&gt;</msg>
<var>${response}</var>
<arg>mysession</arg>
<arg>/users</arg>
<doc>Sends a GET request on a previously created HTTP Session.</doc>
<status status="PASS" start="2026-02-02T14:10:07.760461" elapsed="0.006700"/>
</kw>
<kw name="Status Should Be" owner="RequestsLibrary">
<arg>200</arg>
<arg>${response}</arg>
<doc>Fails if response status code is different than the expected.</doc>
<status status="PASS" start="2026-02-02T14:10:07.768144" elapsed="0.001242"/>
</kw>
<kw name="To Json" owner="RequestsLibrary">
<msg time="2026-02-02T14:10:07.769386" level="WARN">Keyword 'RequestsLibrary.To Json' is deprecated. Please use ${resp.json()} instead. Have a look at the improved HTML output as pretty printing replacement.</msg>
<msg time="2026-02-02T14:10:07.773034" level="INFO">To JSON using : content=[
  {
    "id": 1,
    "name": "Raja"
  },
  {
    "id": 2,
    "name": "Rama"
  }
]
 </msg>
<msg time="2026-02-02T14:10:07.773034" level="INFO">To JSON using : pretty_print=False </msg>
<msg time="2026-02-02T14:10:07.773034" level="INFO">${res_jon} = [{'id': 1, 'name': 'Raja'}, {'id': 2, 'name': 'Rama'}]</msg>
<var>${res_jon}</var>
<arg>${response.content}</arg>
<doc>*DEPRECATED* Please use ${resp.json()} instead. Have a look at the improved HTML output as pretty printing replacement.</doc>
<status status="PASS" start="2026-02-02T14:10:07.769386" elapsed="0.004587"/>
</kw>
<kw name="Log" owner="BuiltIn">
<msg time="2026-02-02T14:10:07.775991" level="INFO">[{'id': 1, 'name': 'Raja'}, {'id': 2, 'name': 'Rama'}]=</msg>
<arg>${res_jon}=</arg>
<arg>console=True</arg>
<doc>Logs the given message with the given level.</doc>
<status status="PASS" start="2026-02-02T14:10:07.773973" elapsed="0.002018"/>
</kw>
<status status="PASS" start="2026-02-02T14:10:07.757465" elapsed="0.018526"/>
</test>
<test id="s1-t5" name="Verify Get Single user" line="37">
<kw name="Create Session" owner="RequestsLibrary">
<msg time="2026-02-02T14:10:07.778994" level="INFO">Creating Session using : alias=mysession, url=http://127.0.0.1:5000, headers={},                     cookies={}, auth=None, timeout=None, proxies=None, verify=False,                     debug=0 </msg>
<arg>mysession</arg>
<arg>${baseurl}</arg>
<doc>Create Session: create a HTTP session to a server</doc>
<status status="PASS" start="2026-02-02T14:10:07.778994" elapsed="0.000998"/>
</kw>
<kw name="GET On Session" owner="RequestsLibrary">
<msg time="2026-02-02T14:10:07.784908" level="INFO">GET Request : url=http://127.0.0.1:5000/users/3 
 path_url=/users/3 
 headers={'User-Agent': 'python-requests/2.32.5', 'Accept-Encoding': 'gzip, deflate', 'Accept': '*/*', 'Connection': 'keep-alive'} 
 body=None 
 </msg>
<msg time="2026-02-02T14:10:07.784908" level="INFO">GET Response : url=http://127.0.0.1:5000/users/3 
 status=404, reason=NOT FOUND 
 headers={'Server': 'Werkzeug/3.1.5 Python/3.12.1', 'Date': 'Mon, 02 Feb 2026 08:40:07 GMT', 'Content-Type': 'application/json', 'Content-Length': '34', 'Connection': 'close'} 
 body={
  "message": "user not found"
}
 
 </msg>
<msg time="2026-02-02T14:10:07.785919" level="FAIL">HTTPError: 404 Client Error: NOT FOUND for url: http://127.0.0.1:5000/users/3</msg>
<var>${response}</var>
<arg>mysession</arg>
<arg>/users/3</arg>
<doc>Sends a GET request on a previously created HTTP Session.</doc>
<status status="FAIL" start="2026-02-02T14:10:07.779992" elapsed="0.005927">HTTPError: 404 Client Error: NOT FOUND for url: http://127.0.0.1:5000/users/3</status>
</kw>
<kw name="Status Should Be" owner="RequestsLibrary">
<arg>200</arg>
<arg>${response}</arg>
<doc>Fails if response status code is different than the expected.</doc>
<status status="NOT RUN" start="2026-02-02T14:10:07.786921" elapsed="0.000000"/>
</kw>
<kw name="To Json" owner="RequestsLibrary">
<msg time="2026-02-02T14:10:07.787921" level="WARN">Keyword 'RequestsLibrary.To Json' is deprecated. Please use ${resp.json()} instead. Have a look at the improved HTML output as pretty printing replacement.</msg>
<var>${res_jon}</var>
<arg>${response.content}</arg>
<doc>*DEPRECATED* Please use ${resp.json()} instead. Have a look at the improved HTML output as pretty printing replacement.</doc>
<status status="NOT RUN" start="2026-02-02T14:10:07.786921" elapsed="0.001000"/>
</kw>
<kw name="Log" owner="BuiltIn">
<arg>${res_jon}=</arg>
<arg>console=True</arg>
<doc>Logs the given message with the given level.</doc>
<status status="NOT RUN" start="2026-02-02T14:10:07.788933" elapsed="0.000000"/>
</kw>
<status status="FAIL" start="2026-02-02T14:10:07.777991" elapsed="0.010942">HTTPError: 404 Client Error: NOT FOUND for url: http://127.0.0.1:5000/users/3</status>
</test>
<test id="s1-t6" name="Verify Get Single user not gound" line="43">
<kw name="Create Session" owner="RequestsLibrary">
<msg time="2026-02-02T14:10:07.790922" level="INFO">Creating Session using : alias=mysession, url=http://127.0.0.1:5000, headers={},                     cookies={}, auth=None, timeout=None, proxies=None, verify=False,                     debug=0 </msg>
<arg>mysession</arg>
<arg>${baseurl}</arg>
<doc>Create Session: create a HTTP session to a server</doc>
<status status="PASS" start="2026-02-02T14:10:07.790922" elapsed="0.001013"/>
</kw>
<kw name="GET On Session" owner="RequestsLibrary">
<msg time="2026-02-02T14:10:07.796818" level="INFO">GET Request : url=http://127.0.0.1:5000/users/99999 
 path_url=/users/99999 
 headers={'User-Agent': 'python-requests/2.32.5', 'Accept-Encoding': 'gzip, deflate', 'Accept': '*/*', 'Connection': 'keep-alive'} 
 body=None 
 </msg>
<msg time="2026-02-02T14:10:07.796818" level="INFO">GET Response : url=http://127.0.0.1:5000/users/99999 
 status=404, reason=NOT FOUND 
 headers={'Server': 'Werkzeug/3.1.5 Python/3.12.1', 'Date': 'Mon, 02 Feb 2026 08:40:07 GMT', 'Content-Type': 'application/json', 'Content-Length': '34', 'Connection': 'close'} 
 body={
  "message": "user not found"
}
 
 </msg>
<msg time="2026-02-02T14:10:07.796818" level="FAIL">HTTPError: 404 Client Error: NOT FOUND for url: http://127.0.0.1:5000/users/99999</msg>
<var>${response}</var>
<arg>mysession</arg>
<arg>/users/99999</arg>
<doc>Sends a GET request on a previously created HTTP Session.</doc>
<status status="FAIL" start="2026-02-02T14:10:07.791935" elapsed="0.006011">HTTPError: 404 Client Error: NOT FOUND for url: http://127.0.0.1:5000/users/99999</status>
</kw>
<kw name="Status Should Be" owner="RequestsLibrary">
<arg>404</arg>
<arg>${response}</arg>
<doc>Fails if response status code is different than the expected.</doc>
<status status="NOT RUN" start="2026-02-02T14:10:07.797946" elapsed="0.000000"/>
</kw>
<kw name="To Json" owner="RequestsLibrary">
<msg time="2026-02-02T14:10:07.798955" level="WARN">Keyword 'RequestsLibrary.To Json' is deprecated. Please use ${resp.json()} instead. Have a look at the improved HTML output as pretty printing replacement.</msg>
<var>${res_jon}</var>
<arg>${response.content}</arg>
<doc>*DEPRECATED* Please use ${resp.json()} instead. Have a look at the improved HTML output as pretty printing replacement.</doc>
<status status="NOT RUN" start="2026-02-02T14:10:07.798955" elapsed="0.000000"/>
</kw>
<kw name="Log" owner="BuiltIn">
<arg>${res_jon}=</arg>
<arg>console=True</arg>
<doc>Logs the given message with the given level.</doc>
<status status="NOT RUN" start="2026-02-02T14:10:07.799958" elapsed="0.000000"/>
</kw>
<status status="FAIL" start="2026-02-02T14:10:07.789920" elapsed="0.011037">HTTPError: 404 Client Error: NOT FOUND for url: http://127.0.0.1:5000/users/99999</status>
</test>
<test id="s1-t7" name="Verify Delete user by userid" line="50">
<kw name="Create Session" owner="RequestsLibrary">
<msg time="2026-02-02T14:10:07.803292" level="INFO">Creating Session using : alias=mysession, url=http://127.0.0.1:5000, headers={},                     cookies={}, auth=None, timeout=None, proxies=None, verify=False,                     debug=0 </msg>
<arg>mysession</arg>
<arg>${baseurl}</arg>
<doc>Create Session: create a HTTP session to a server</doc>
<status status="PASS" start="2026-02-02T14:10:07.803292" elapsed="0.000000"/>
</kw>
<kw name="GET On Session" owner="RequestsLibrary">
<msg time="2026-02-02T14:10:07.807889" level="INFO">GET Request : url=http://127.0.0.1:5000/users/1 
 path_url=/users/1 
 headers={'User-Agent': 'python-requests/2.32.5', 'Accept-Encoding': 'gzip, deflate', 'Accept': '*/*', 'Connection': 'keep-alive'} 
 body=None 
 </msg>
<msg time="2026-02-02T14:10:07.808883" level="INFO">GET Response : url=http://127.0.0.1:5000/users/1 
 status=200, reason=OK 
 headers={'Server': 'Werkzeug/3.1.5 Python/3.12.1', 'Date': 'Mon, 02 Feb 2026 08:40:07 GMT', 'Content-Type': 'application/json', 'Content-Length': '32', 'Connection': 'close'} 
 body={
  "id": 1,
  "name": "Raja"
}
 
 </msg>
<msg time="2026-02-02T14:10:07.808883" level="INFO">${response} = &lt;Response [200]&gt;</msg>
<var>${response}</var>
<arg>mysession</arg>
<arg>/users/1</arg>
<doc>Sends a GET request on a previously created HTTP Session.</doc>
<status status="PASS" start="2026-02-02T14:10:07.803292" elapsed="0.005591"/>
</kw>
<kw name="Status Should Be" owner="RequestsLibrary">
<arg>200</arg>
<arg>${response}</arg>
<doc>Fails if response status code is different than the expected.</doc>
<status status="PASS" start="2026-02-02T14:10:07.808883" elapsed="0.000996"/>
</kw>
<kw name="To Json" owner="RequestsLibrary">
<msg time="2026-02-02T14:10:07.809879" level="WARN">Keyword 'RequestsLibrary.To Json' is deprecated. Please use ${resp.json()} instead. Have a look at the improved HTML output as pretty printing replacement.</msg>
<msg time="2026-02-02T14:10:07.811991" level="INFO">To JSON using : content={
  "id": 1,
  "name": "Raja"
}
 </msg>
<msg time="2026-02-02T14:10:07.811991" level="INFO">To JSON using : pretty_print=False </msg>
<msg time="2026-02-02T14:10:07.811991" level="INFO">${res_jon} = {'id': 1, 'name': 'Raja'}</msg>
<var>${res_jon}</var>
<arg>${response.content}</arg>
<doc>*DEPRECATED* Please use ${resp.json()} instead. Have a look at the improved HTML output as pretty printing replacement.</doc>
<status status="PASS" start="2026-02-02T14:10:07.809879" elapsed="0.002112"/>
</kw>
<kw name="Log" owner="BuiltIn">
<msg time="2026-02-02T14:10:07.813015" level="INFO">{'id': 1, 'name': 'Raja'}=</msg>
<arg>${res_jon}=</arg>
<arg>console=True</arg>
<doc>Logs the given message with the given level.</doc>
<status status="PASS" start="2026-02-02T14:10:07.811991" elapsed="0.001024"/>
</kw>
<status status="PASS" start="2026-02-02T14:10:07.800957" elapsed="0.013060"/>
</test>
<status status="FAIL" start="2026-02-02T14:10:07.446464" elapsed="0.369064"/>
</suite>
<statistics>
<total>
<stat pass="2" fail="5" skip="0">All Tests</stat>
</total>
<tag>
</tag>
<suite>
<stat name="TC005 flask" id="s1" pass="2" fail="5" skip="0">TC005 flask</stat>
</suite>
</statistics>
<errors>
<msg time="2026-02-02T14:10:07.769386" level="WARN">Keyword 'RequestsLibrary.To Json' is deprecated. Please use ${resp.json()} instead. Have a look at the improved HTML output as pretty printing replacement.</msg>
<msg time="2026-02-02T14:10:07.787921" level="WARN">Keyword 'RequestsLibrary.To Json' is deprecated. Please use ${resp.json()} instead. Have a look at the improved HTML output as pretty printing replacement.</msg>
<msg time="2026-02-02T14:10:07.798955" level="WARN">Keyword 'RequestsLibrary.To Json' is deprecated. Please use ${resp.json()} instead. Have a look at the improved HTML output as pretty printing replacement.</msg>
<msg time="2026-02-02T14:10:07.809879" level="WARN">Keyword 'RequestsLibrary.To Json' is deprecated. Please use ${resp.json()} instead. Have a look at the improved HTML output as pretty printing replacement.</msg>
</errors>
</robot>
