<?xml version="1.0" encoding="UTF-8"?>
<robot generator="Robot 7.0 (Python 3.9.13 on win32)" generated="2026-02-11T20:30:57.867225" rpa="false" schemaversion="5">
<suite id="s1" name="Restaurant Tests" source="C:\Users\KIIT\OneDrive\Desktop\wipro class question\Foodie_app\restaurant_tests.robot">
<kw name="Create Session" owner="RequestsLibrary" type="SETUP">
<msg time="2026-02-11T20:30:58.288028" level="INFO">Creating Session using : alias=foodie, url=http://127.0.0.1:5000/api/v1, headers={},                     cookies={}, auth=None, timeout=None, proxies=None, verify=False,                     debug=0 </msg>
<arg>foodie</arg>
<arg>http://127.0.0.1:5000/api/v1</arg>
<doc>Create Session: create a HTTP session to a server</doc>
<status status="PASS" start="2026-02-11T20:30:58.286799" elapsed="0.001229"/>
</kw>
<test id="s1-t1" name="Register Restaurant" line="16">
<kw name="Create Dictionary" owner="BuiltIn">
<msg time="2026-02-11T20:30:58.290032" level="INFO">${body} = {'name': 'Food Hub', 'category': 'Veg', 'location': 'Delhi', 'contact': '9999999999'}</msg>
<var>${body}</var>
<arg>name=Food Hub</arg>
<arg>category=Veg</arg>
<arg>location=Delhi</arg>
<arg>contact=9999999999</arg>
<doc>Creates and returns a dictionary based on the given ``items``.</doc>
<status status="PASS" start="2026-02-11T20:30:58.289035" elapsed="0.000997"/>
</kw>
<kw name="POST On Session" owner="RequestsLibrary">
<msg time="2026-02-11T20:30:58.303586" level="INFO">POST Request : url=http://127.0.0.1:5000/api/v1/restaurants 
 path_url=/api/v1/restaurants 
 headers={'User-Agent': 'python-requests/2.31.0', 'Accept-Encoding': 'gzip, deflate', 'Accept': '*/*', 'Connection': 'keep-alive', 'Content-Length': '85', 'Content-Type': 'application/json'} 
 body=b'{"name": "Food Hub", "category": "Veg", "location": "Delhi", "contact": "9999999999"}' 
 </msg>
<msg time="2026-02-11T20:30:58.303586" level="INFO">POST Response : url=http://127.0.0.1:5000/api/v1/restaurants 
 status=201, reason=CREATED 
 headers={'Server': 'Werkzeug/3.1.5 Python/3.12.1', 'Date': 'Wed, 11 Feb 2026 15:00:58 GMT', 'Content-Type': 'application/json', 'Content-Length': '146', 'Connection': 'close'} 
 body={
  "category": "Veg",
  "contact": "9999999999",
  "dishes": [],
  "id": 1,
  "location": "Delhi",
  "name": "Food Hub",
  "status": "pending"
}
 
 </msg>
<msg time="2026-02-11T20:30:58.303586" level="INFO">${res} = &lt;Response [201]&gt;</msg>
<var>${res}</var>
<arg>foodie</arg>
<arg>/restaurants</arg>
<arg>json=${body}</arg>
<doc>Sends a POST request on a previously created HTTP Session.</doc>
<status status="PASS" start="2026-02-11T20:30:58.291032" elapsed="0.012554"/>
</kw>
<kw name="Status Should Be" owner="RequestsLibrary">
<arg>201</arg>
<arg>${res}</arg>
<doc>Fails if response status code is different than the expected.</doc>
<status status="PASS" start="2026-02-11T20:30:58.304785" elapsed="0.000000"/>
</kw>
<kw name="Evaluate" owner="BuiltIn">
<msg time="2026-02-11T20:30:58.307792" level="INFO">${json} = {'category': 'Veg', 'contact': '9999999999', 'dishes': [], 'id': 1, 'location': 'Delhi', 'name': 'Food Hub', 'status': 'pending'}</msg>
<var>${json}</var>
<arg>__import__('json').loads('''${res.text}''')</arg>
<doc>Evaluates the given expression in Python and returns the result.</doc>
<status status="PASS" start="2026-02-11T20:30:58.305791" elapsed="0.002001"/>
</kw>
<kw name="Set Suite Variable" owner="BuiltIn">
<msg time="2026-02-11T20:30:58.310793" level="INFO">${restaurant_id} = 1</msg>
<arg>${restaurant_id}</arg>
<arg>${json['id']}</arg>
<doc>Makes a variable available everywhere within the scope of the current suite.</doc>
<status status="PASS" start="2026-02-11T20:30:58.308791" elapsed="0.002002"/>
</kw>
<status status="PASS" start="2026-02-11T20:30:58.288028" elapsed="0.024220"/>
</test>
<test id="s1-t2" name="Duplicate Restaurant" line="23">
<kw name="Create Dictionary" owner="BuiltIn">
<msg time="2026-02-11T20:30:58.314281" level="INFO">${body} = {'name': 'Food Hub', 'category': 'Veg', 'location': 'Delhi', 'contact': '9999999999'}</msg>
<var>${body}</var>
<arg>name=Food Hub</arg>
<arg>category=Veg</arg>
<arg>location=Delhi</arg>
<arg>contact=9999999999</arg>
<doc>Creates and returns a dictionary based on the given ``items``.</doc>
<status status="PASS" start="2026-02-11T20:30:58.314281" elapsed="0.000000"/>
</kw>
<kw name="POST On Session" owner="RequestsLibrary">
<msg time="2026-02-11T20:30:58.323638" level="INFO">POST Request : url=http://127.0.0.1:5000/api/v1/restaurants 
 path_url=/api/v1/restaurants 
 headers={'User-Agent': 'python-requests/2.31.0', 'Accept-Encoding': 'gzip, deflate', 'Accept': '*/*', 'Connection': 'keep-alive', 'Content-Length': '85', 'Content-Type': 'application/json'} 
 body=b'{"name": "Food Hub", "category": "Veg", "location": "Delhi", "contact": "9999999999"}' 
 </msg>
<msg time="2026-02-11T20:30:58.323638" level="INFO">POST Response : url=http://127.0.0.1:5000/api/v1/restaurants 
 status=409, reason=CONFLICT 
 headers={'Server': 'Werkzeug/3.1.5 Python/3.12.1', 'Date': 'Wed, 11 Feb 2026 15:00:58 GMT', 'Content-Type': 'application/json', 'Content-Length': '43', 'Connection': 'close'} 
 body={
  "error": "Restaurant already exists"
}
 
 </msg>
<msg time="2026-02-11T20:30:58.323638" level="INFO">${res} = &lt;Response [409]&gt;</msg>
<var>${res}</var>
<arg>foodie</arg>
<arg>/restaurants</arg>
<arg>json=${body}</arg>
<arg>expected_status=409</arg>
<doc>Sends a POST request on a previously created HTTP Session.</doc>
<status status="PASS" start="2026-02-11T20:30:58.316309" elapsed="0.007329"/>
</kw>
<kw name="Status Should Be" owner="RequestsLibrary">
<arg>409</arg>
<arg>${res}</arg>
<doc>Fails if response status code is different than the expected.</doc>
<status status="PASS" start="2026-02-11T20:30:58.328633" elapsed="0.001006"/>
</kw>
<status status="PASS" start="2026-02-11T20:30:58.313267" elapsed="0.018374"/>
</test>
<test id="s1-t3" name="View Restaurant" line="28">
<kw name="GET On Session" owner="RequestsLibrary">
<msg time="2026-02-11T20:30:58.340323" level="INFO">GET Request : url=http://127.0.0.1:5000/api/v1/restaurants/1 
 path_url=/api/v1/restaurants/1 
 headers={'User-Agent': 'python-requests/2.31.0', 'Accept-Encoding': 'gzip, deflate', 'Accept': '*/*', 'Connection': 'keep-alive'} 
 body=None 
 </msg>
<msg time="2026-02-11T20:30:58.340323" level="INFO">GET Response : url=http://127.0.0.1:5000/api/v1/restaurants/1 
 status=200, reason=OK 
 headers={'Server': 'Werkzeug/3.1.5 Python/3.12.1', 'Date': 'Wed, 11 Feb 2026 15:00:58 GMT', 'Content-Type': 'application/json', 'Content-Length': '146', 'Connection': 'close'} 
 body={
  "category": "Veg",
  "contact": "9999999999",
  "dishes": [],
  "id": 1,
  "location": "Delhi",
  "name": "Food Hub",
  "status": "pending"
}
 
 </msg>
<msg time="2026-02-11T20:30:58.340323" level="INFO">${res} = &lt;Response [200]&gt;</msg>
<var>${res}</var>
<arg>foodie</arg>
<arg>/restaurants/${restaurant_id}</arg>
<doc>Sends a GET request on a previously created HTTP Session.</doc>
<status status="PASS" start="2026-02-11T20:30:58.333636" elapsed="0.006687"/>
</kw>
<kw name="Status Should Be" owner="RequestsLibrary">
<arg>200</arg>
<arg>${res}</arg>
<doc>Fails if response status code is different than the expected.</doc>
<status status="PASS" start="2026-02-11T20:30:58.343536" elapsed="0.000792"/>
</kw>
<status status="PASS" start="2026-02-11T20:30:58.332634" elapsed="0.011694"/>
</test>
<test id="s1-t4" name="Update Restaurant" line="32">
<kw name="Create Dictionary" owner="BuiltIn">
<msg time="2026-02-11T20:30:58.347954" level="INFO">${body} = {'location': 'Mumbai'}</msg>
<var>${body}</var>
<arg>location=Mumbai</arg>
<doc>Creates and returns a dictionary based on the given ``items``.</doc>
<status status="PASS" start="2026-02-11T20:30:58.346929" elapsed="0.001025"/>
</kw>
<kw name="PUT On Session" owner="RequestsLibrary">
<msg time="2026-02-11T20:30:58.356640" level="INFO">PUT Request : url=http://127.0.0.1:5000/api/v1/restaurants/1 
 path_url=/api/v1/restaurants/1 
 headers={'User-Agent': 'python-requests/2.31.0', 'Accept-Encoding': 'gzip, deflate', 'Accept': '*/*', 'Connection': 'keep-alive', 'Content-Length': '22', 'Content-Type': 'application/json'} 
 body=b'{"location": "Mumbai"}' 
 </msg>
<msg time="2026-02-11T20:30:58.357639" level="INFO">PUT Response : url=http://127.0.0.1:5000/api/v1/restaurants/1 
 status=200, reason=OK 
 headers={'Server': 'Werkzeug/3.1.5 Python/3.12.1', 'Date': 'Wed, 11 Feb 2026 15:00:58 GMT', 'Content-Type': 'application/json', 'Content-Length': '147', 'Connection': 'close'} 
 body={
  "category": "Veg",
  "contact": "9999999999",
  "dishes": [],
  "id": 1,
  "location": "Mumbai",
  "name": "Food Hub",
  "status": "pending"
}
 
 </msg>
<msg time="2026-02-11T20:30:58.357639" level="INFO">${res} = &lt;Response [200]&gt;</msg>
<var>${res}</var>
<arg>foodie</arg>
<arg>/restaurants/${restaurant_id}</arg>
<arg>json=${body}</arg>
<doc>Sends a PUT request on a previously created HTTP Session.</doc>
<status status="PASS" start="2026-02-11T20:30:58.348951" elapsed="0.008688"/>
</kw>
<kw name="Status Should Be" owner="RequestsLibrary">
<arg>200</arg>
<arg>${res}</arg>
<doc>Fails if response status code is different than the expected.</doc>
<status status="PASS" start="2026-02-11T20:30:58.359932" elapsed="0.000449"/>
</kw>
<status status="PASS" start="2026-02-11T20:30:58.346929" elapsed="0.014458"/>
</test>
<test id="s1-t5" name="Disable Restaurant" line="37">
<kw name="PUT On Session" owner="RequestsLibrary">
<msg time="2026-02-11T20:30:58.370122" level="INFO">PUT Request : url=http://127.0.0.1:5000/api/v1/restaurants/1/disable 
 path_url=/api/v1/restaurants/1/disable 
 headers={'User-Agent': 'python-requests/2.31.0', 'Accept-Encoding': 'gzip, deflate', 'Accept': '*/*', 'Connection': 'keep-alive', 'Content-Length': '0'} 
 body=None 
 </msg>
<msg time="2026-02-11T20:30:58.370122" level="INFO">PUT Response : url=http://127.0.0.1:5000/api/v1/restaurants/1/disable 
 status=200, reason=OK 
 headers={'Server': 'Werkzeug/3.1.5 Python/3.12.1', 'Date': 'Wed, 11 Feb 2026 15:00:58 GMT', 'Content-Type': 'application/json', 'Content-Length': '39', 'Connection': 'close'} 
 body={
  "message": "Restaurant disabled"
}
 
 </msg>
<msg time="2026-02-11T20:30:58.370122" level="INFO">${res} = &lt;Response [200]&gt;</msg>
<var>${res}</var>
<arg>foodie</arg>
<arg>/restaurants/${restaurant_id}/disable</arg>
<doc>Sends a PUT request on a previously created HTTP Session.</doc>
<status status="PASS" start="2026-02-11T20:30:58.363705" elapsed="0.006417"/>
</kw>
<kw name="Status Should Be" owner="RequestsLibrary">
<arg>200</arg>
<arg>${res}</arg>
<doc>Fails if response status code is different than the expected.</doc>
<status status="PASS" start="2026-02-11T20:30:58.371581" elapsed="0.001411"/>
</kw>
<status status="PASS" start="2026-02-11T20:30:58.362386" elapsed="0.011135"/>
</test>
<test id="s1-t6" name="Add Dish" line="41">
<kw name="Create Dictionary" owner="BuiltIn">
<msg time="2026-02-11T20:30:58.377206" level="INFO">${body} = {'name': 'Pizza', 'type': 'Veg', 'price': '250'}</msg>
<var>${body}</var>
<arg>name=Pizza</arg>
<arg>type=Veg</arg>
<arg>price=250</arg>
<doc>Creates and returns a dictionary based on the given ``items``.</doc>
<status status="PASS" start="2026-02-11T20:30:58.377206" elapsed="0.000000"/>
</kw>
<kw name="POST On Session" owner="RequestsLibrary">
<msg time="2026-02-11T20:30:58.386044" level="INFO">POST Request : url=http://127.0.0.1:5000/api/v1/restaurants/1/dishes 
 path_url=/api/v1/restaurants/1/dishes 
 headers={'User-Agent': 'python-requests/2.31.0', 'Accept-Encoding': 'gzip, deflate', 'Accept': '*/*', 'Connection': 'keep-alive', 'Content-Length': '48', 'Content-Type': 'application/json'} 
 body=b'{"name": "Pizza", "type": "Veg", "price": "250"}' 
 </msg>
<msg time="2026-02-11T20:30:58.386044" level="INFO">POST Response : url=http://127.0.0.1:5000/api/v1/restaurants/1/dishes 
 status=201, reason=CREATED 
 headers={'Server': 'Werkzeug/3.1.5 Python/3.12.1', 'Date': 'Wed, 11 Feb 2026 15:00:58 GMT', 'Content-Type': 'application/json', 'Content-Length': '109', 'Connection': 'close'} 
 body={
  "enabled": true,
  "id": 1,
  "name": "Pizza",
  "price": "250",
  "restaurant_id": 1,
  "type": "Veg"
}
 
 </msg>
<msg time="2026-02-11T20:30:58.387059" level="INFO">${res} = &lt;Response [201]&gt;</msg>
<var>${res}</var>
<arg>foodie</arg>
<arg>/restaurants/${restaurant_id}/dishes</arg>
<arg>json=${body}</arg>
<doc>Sends a POST request on a previously created HTTP Session.</doc>
<status status="PASS" start="2026-02-11T20:30:58.378308" elapsed="0.008751"/>
</kw>
<kw name="Status Should Be" owner="RequestsLibrary">
<arg>201</arg>
<arg>${res}</arg>
<doc>Fails if response status code is different than the expected.</doc>
<status status="PASS" start="2026-02-11T20:30:58.388065" elapsed="0.001258"/>
</kw>
<kw name="Evaluate" owner="BuiltIn">
<msg time="2026-02-11T20:30:58.393338" level="INFO">${json} = {'enabled': True, 'id': 1, 'name': 'Pizza', 'price': '250', 'restaurant_id': 1, 'type': 'Veg'}</msg>
<var>${json}</var>
<arg>__import__('json').loads('''${res.text}''')</arg>
<doc>Evaluates the given expression in Python and returns the result.</doc>
<status status="PASS" start="2026-02-11T20:30:58.390343" elapsed="0.002995"/>
</kw>
<kw name="Set Suite Variable" owner="BuiltIn">
<msg time="2026-02-11T20:30:58.395775" level="INFO">${dish_id} = 1</msg>
<arg>${dish_id}</arg>
<arg>${json['id']}</arg>
<doc>Makes a variable available everywhere within the scope of the current suite.</doc>
<status status="PASS" start="2026-02-11T20:30:58.393338" elapsed="0.002437"/>
</kw>
<status status="PASS" start="2026-02-11T20:30:58.375993" elapsed="0.019782"/>
</test>
<test id="s1-t7" name="Update Dish" line="48">
<kw name="Create Dictionary" owner="BuiltIn">
<msg time="2026-02-11T20:30:58.398913" level="INFO">${body} = {'price': '300'}</msg>
<var>${body}</var>
<arg>price=300</arg>
<doc>Creates and returns a dictionary based on the given ``items``.</doc>
<status status="PASS" start="2026-02-11T20:30:58.398913" elapsed="0.000000"/>
</kw>
<kw name="PUT On Session" owner="RequestsLibrary">
<msg time="2026-02-11T20:30:58.407751" level="INFO">PUT Request : url=http://127.0.0.1:5000/api/v1/dishes/1 
 path_url=/api/v1/dishes/1 
 headers={'User-Agent': 'python-requests/2.31.0', 'Accept-Encoding': 'gzip, deflate', 'Accept': '*/*', 'Connection': 'keep-alive', 'Content-Length': '16', 'Content-Type': 'application/json'} 
 body=b'{"price": "300"}' 
 </msg>
<msg time="2026-02-11T20:30:58.407751" level="INFO">PUT Response : url=http://127.0.0.1:5000/api/v1/dishes/1 
 status=200, reason=OK 
 headers={'Server': 'Werkzeug/3.1.5 Python/3.12.1', 'Date': 'Wed, 11 Feb 2026 15:00:58 GMT', 'Content-Type': 'application/json', 'Content-Length': '109', 'Connection': 'close'} 
 body={
  "enabled": true,
  "id": 1,
  "name": "Pizza",
  "price": "300",
  "restaurant_id": 1,
  "type": "Veg"
}
 
 </msg>
<msg time="2026-02-11T20:30:58.407751" level="INFO">${res} = &lt;Response [200]&gt;</msg>
<var>${res}</var>
<arg>foodie</arg>
<arg>/dishes/${dish_id}</arg>
<arg>json=${body}</arg>
<doc>Sends a PUT request on a previously created HTTP Session.</doc>
<status status="PASS" start="2026-02-11T20:30:58.400030" elapsed="0.007721"/>
</kw>
<kw name="Status Should Be" owner="RequestsLibrary">
<arg>200</arg>
<arg>${res}</arg>
<doc>Fails if response status code is different than the expected.</doc>
<status status="PASS" start="2026-02-11T20:30:58.409749" elapsed="0.000000"/>
</kw>
<status status="PASS" start="2026-02-11T20:30:58.397931" elapsed="0.012815"/>
</test>
<test id="s1-t8" name="Toggle Dish Status" line="53">
<kw name="Create Dictionary" owner="BuiltIn">
<msg time="2026-02-11T20:30:58.413923" level="INFO">${body} = {'enabled': 'False'}</msg>
<var>${body}</var>
<arg>enabled=False</arg>
<doc>Creates and returns a dictionary based on the given ``items``.</doc>
<status status="PASS" start="2026-02-11T20:30:58.412900" elapsed="0.001023"/>
</kw>
<kw name="PUT On Session" owner="RequestsLibrary">
<msg time="2026-02-11T20:30:58.421585" level="INFO">PUT Request : url=http://127.0.0.1:5000/api/v1/dishes/1/status 
 path_url=/api/v1/dishes/1/status 
 headers={'User-Agent': 'python-requests/2.31.0', 'Accept-Encoding': 'gzip, deflate', 'Accept': '*/*', 'Connection': 'keep-alive', 'Content-Length': '20', 'Content-Type': 'application/json'} 
 body=b'{"enabled": "False"}' 
 </msg>
<msg time="2026-02-11T20:30:58.422667" level="INFO">PUT Response : url=http://127.0.0.1:5000/api/v1/dishes/1/status 
 status=200, reason=OK 
 headers={'Server': 'Werkzeug/3.1.5 Python/3.12.1', 'Date': 'Wed, 11 Feb 2026 15:00:58 GMT', 'Content-Type': 'application/json', 'Content-Length': '34', 'Connection': 'close'} 
 body={
  "message": "Status updated"
}
 
 </msg>
<msg time="2026-02-11T20:30:58.422667" level="INFO">${res} = &lt;Response [200]&gt;</msg>
<var>${res}</var>
<arg>foodie</arg>
<arg>/dishes/${dish_id}/status</arg>
<arg>json=${body}</arg>
<doc>Sends a PUT request on a previously created HTTP Session.</doc>
<status status="PASS" start="2026-02-11T20:30:58.415094" elapsed="0.007573"/>
</kw>
<kw name="Status Should Be" owner="RequestsLibrary">
<arg>200</arg>
<arg>${res}</arg>
<doc>Fails if response status code is different than the expected.</doc>
<status status="PASS" start="2026-02-11T20:30:58.423694" elapsed="0.000996"/>
</kw>
<status status="PASS" start="2026-02-11T20:30:58.411746" elapsed="0.012944"/>
</test>
<test id="s1-t9" name="Delete Dish" line="58">
<kw name="DELETE On Session" owner="RequestsLibrary">
<msg time="2026-02-11T20:30:58.433761" level="INFO">DELETE Request : url=http://127.0.0.1:5000/api/v1/dishes/1 
 path_url=/api/v1/dishes/1 
 headers={'User-Agent': 'python-requests/2.31.0', 'Accept-Encoding': 'gzip, deflate', 'Accept': '*/*', 'Connection': 'keep-alive', 'Content-Length': '0'} 
 body=None 
 </msg>
<msg time="2026-02-11T20:30:58.433761" level="INFO">DELETE Response : url=http://127.0.0.1:5000/api/v1/dishes/1 
 status=200, reason=OK 
 headers={'Server': 'Werkzeug/3.1.5 Python/3.12.1', 'Date': 'Wed, 11 Feb 2026 15:00:58 GMT', 'Content-Type': 'application/json', 'Content-Length': '32', 'Connection': 'close'} 
 body={
  "message": "Dish deleted"
}
 
 </msg>
<msg time="2026-02-11T20:30:58.433761" level="INFO">${res} = &lt;Response [200]&gt;</msg>
<var>${res}</var>
<arg>foodie</arg>
<arg>/dishes/${dish_id}</arg>
<doc>Sends a DELETE request on a previously created HTTP Session.</doc>
<status status="PASS" start="2026-02-11T20:30:58.427244" elapsed="0.006517"/>
</kw>
<kw name="Status Should Be" owner="RequestsLibrary">
<arg>200</arg>
<arg>${res}</arg>
<doc>Fails if response status code is different than the expected.</doc>
<status status="PASS" start="2026-02-11T20:30:58.434786" elapsed="0.000000"/>
</kw>
<status status="PASS" start="2026-02-11T20:30:58.426214" elapsed="0.009570"/>
</test>
<test id="s1-t10" name="Register User" line="62">
<kw name="Create Dictionary" owner="BuiltIn">
<msg time="2026-02-11T20:30:58.439000" level="INFO">${body} = {'name': 'Harsh', 'email': 'harsh@test.com'}</msg>
<var>${body}</var>
<arg>name=Harsh</arg>
<arg>email=harsh@test.com</arg>
<doc>Creates and returns a dictionary based on the given ``items``.</doc>
<status status="PASS" start="2026-02-11T20:30:58.437974" elapsed="0.001026"/>
</kw>
<kw name="POST On Session" owner="RequestsLibrary">
<msg time="2026-02-11T20:30:58.447095" level="INFO">POST Request : url=http://127.0.0.1:5000/api/v1/users/register 
 path_url=/api/v1/users/register 
 headers={'User-Agent': 'python-requests/2.31.0', 'Accept-Encoding': 'gzip, deflate', 'Accept': '*/*', 'Connection': 'keep-alive', 'Content-Length': '44', 'Content-Type': 'application/json'} 
 body=b'{"name": "Harsh", "email": "harsh@test.com"}' 
 </msg>
<msg time="2026-02-11T20:30:58.447095" level="INFO">POST Response : url=http://127.0.0.1:5000/api/v1/users/register 
 status=201, reason=CREATED 
 headers={'Server': 'Werkzeug/3.1.5 Python/3.12.1', 'Date': 'Wed, 11 Feb 2026 15:00:58 GMT', 'Content-Type': 'application/json', 'Content-Length': '62', 'Connection': 'close'} 
 body={
  "email": "harsh@test.com",
  "id": 1,
  "name": "Harsh"
}
 
 </msg>
<msg time="2026-02-11T20:30:58.447095" level="INFO">${res} = &lt;Response [201]&gt;</msg>
<var>${res}</var>
<arg>foodie</arg>
<arg>/users/register</arg>
<arg>json=${body}</arg>
<doc>Sends a POST request on a previously created HTTP Session.</doc>
<status status="PASS" start="2026-02-11T20:30:58.439993" elapsed="0.007102"/>
</kw>
<kw name="Status Should Be" owner="RequestsLibrary">
<arg>201</arg>
<arg>${res}</arg>
<doc>Fails if response status code is different than the expected.</doc>
<status status="PASS" start="2026-02-11T20:30:58.448692" elapsed="0.000000"/>
</kw>
<kw name="Evaluate" owner="BuiltIn">
<msg time="2026-02-11T20:30:58.451072" level="INFO">${json} = {'email': 'harsh@test.com', 'id': 1, 'name': 'Harsh'}</msg>
<var>${json}</var>
<arg>__import__('json').loads('''${res.text}''')</arg>
<doc>Evaluates the given expression in Python and returns the result.</doc>
<status status="PASS" start="2026-02-11T20:30:58.449711" elapsed="0.001361"/>
</kw>
<kw name="Set Suite Variable" owner="BuiltIn">
<msg time="2026-02-11T20:30:58.453093" level="INFO">${user_id} = 1</msg>
<arg>${user_id}</arg>
<arg>${json['id']}</arg>
<doc>Makes a variable available everywhere within the scope of the current suite.</doc>
<status status="PASS" start="2026-02-11T20:30:58.452095" elapsed="0.000998"/>
</kw>
<status status="PASS" start="2026-02-11T20:30:58.436934" elapsed="0.017162"/>
</test>
<test id="s1-t11" name="Duplicate User" line="69">
<kw name="Create Dictionary" owner="BuiltIn">
<msg time="2026-02-11T20:30:58.456090" level="INFO">${body} = {'name': 'Harsh', 'email': 'harsh@test.com'}</msg>
<var>${body}</var>
<arg>name=Harsh</arg>
<arg>email=harsh@test.com</arg>
<doc>Creates and returns a dictionary based on the given ``items``.</doc>
<status status="PASS" start="2026-02-11T20:30:58.456090" elapsed="0.000000"/>
</kw>
<kw name="POST On Session" owner="RequestsLibrary">
<msg time="2026-02-11T20:30:58.464537" level="INFO">POST Request : url=http://127.0.0.1:5000/api/v1/users/register 
 path_url=/api/v1/users/register 
 headers={'User-Agent': 'python-requests/2.31.0', 'Accept-Encoding': 'gzip, deflate', 'Accept': '*/*', 'Connection': 'keep-alive', 'Content-Length': '44', 'Content-Type': 'application/json'} 
 body=b'{"name": "Harsh", "email": "harsh@test.com"}' 
 </msg>
<msg time="2026-02-11T20:30:58.464537" level="INFO">POST Response : url=http://127.0.0.1:5000/api/v1/users/register 
 status=409, reason=CONFLICT 
 headers={'Server': 'Werkzeug/3.1.5 Python/3.12.1', 'Date': 'Wed, 11 Feb 2026 15:00:58 GMT', 'Content-Type': 'application/json', 'Content-Length': '37', 'Connection': 'close'} 
 body={
  "error": "User already exists"
}
 
 </msg>
<msg time="2026-02-11T20:30:58.464537" level="INFO">${res} = &lt;Response [409]&gt;</msg>
<var>${res}</var>
<arg>foodie</arg>
<arg>/users/register</arg>
<arg>json=${body}</arg>
<arg>expected_status=409</arg>
<doc>Sends a POST request on a previously created HTTP Session.</doc>
<status status="PASS" start="2026-02-11T20:30:58.457126" elapsed="0.007411"/>
</kw>
<kw name="Status Should Be" owner="RequestsLibrary">
<arg>409</arg>
<arg>${res}</arg>
<doc>Fails if response status code is different than the expected.</doc>
<status status="PASS" start="2026-02-11T20:30:58.465606" elapsed="0.000000"/>
</kw>
<status status="PASS" start="2026-02-11T20:30:58.455096" elapsed="0.011509"/>
</test>
<test id="s1-t12" name="Place Order" line="74">
<kw name="Create Dictionary" owner="BuiltIn">
<msg time="2026-02-11T20:30:58.470210" level="INFO">${body} = {'user_id': 1, 'restaurant_id': 1, 'dishes': '[]'}</msg>
<var>${body}</var>
<arg>user_id=${user_id}</arg>
<arg>restaurant_id=${restaurant_id}</arg>
<arg>dishes=[]</arg>
<doc>Creates and returns a dictionary based on the given ``items``.</doc>
<status status="PASS" start="2026-02-11T20:30:58.468984" elapsed="0.001226"/>
</kw>
<kw name="POST On Session" owner="RequestsLibrary">
<msg time="2026-02-11T20:30:58.477594" level="INFO">POST Request : url=http://127.0.0.1:5000/api/v1/orders 
 path_url=/api/v1/orders 
 headers={'User-Agent': 'python-requests/2.31.0', 'Accept-Encoding': 'gzip, deflate', 'Accept': '*/*', 'Connection': 'keep-alive', 'Content-Length': '50', 'Content-Type': 'application/json'} 
 body=b'{"user_id": 1, "restaurant_id": 1, "dishes": "[]"}' 
 </msg>
<msg time="2026-02-11T20:30:58.477594" level="INFO">POST Response : url=http://127.0.0.1:5000/api/v1/orders 
 status=201, reason=CREATED 
 headers={'Server': 'Werkzeug/3.1.5 Python/3.12.1', 'Date': 'Wed, 11 Feb 2026 15:00:58 GMT', 'Content-Type': 'application/json', 'Content-Length': '92', 'Connection': 'close'} 
 body={
  "dishes": "[]",
  "id": 1,
  "restaurant_id": 1,
  "status": "placed",
  "user_id": 1
}
 
 </msg>
<msg time="2026-02-11T20:30:58.478836" level="INFO">${res} = &lt;Response [201]&gt;</msg>
<var>${res}</var>
<arg>foodie</arg>
<arg>/orders</arg>
<arg>json=${body}</arg>
<doc>Sends a POST request on a previously created HTTP Session.</doc>
<status status="PASS" start="2026-02-11T20:30:58.471229" elapsed="0.007607"/>
</kw>
<kw name="Status Should Be" owner="RequestsLibrary">
<arg>201</arg>
<arg>${res}</arg>
<doc>Fails if response status code is different than the expected.</doc>
<status status="PASS" start="2026-02-11T20:30:58.479861" elapsed="0.000000"/>
</kw>
<kw name="Evaluate" owner="BuiltIn">
<msg time="2026-02-11T20:30:58.481967" level="INFO">${json} = {'dishes': '[]', 'id': 1, 'restaurant_id': 1, 'status': 'placed', 'user_id': 1}</msg>
<var>${json}</var>
<arg>__import__('json').loads('''${res.text}''')</arg>
<doc>Evaluates the given expression in Python and returns the result.</doc>
<status status="PASS" start="2026-02-11T20:30:58.480860" elapsed="0.001107"/>
</kw>
<kw name="Set Suite Variable" owner="BuiltIn">
<msg time="2026-02-11T20:30:58.484218" level="INFO">${order_id} = 1</msg>
<arg>${order_id}</arg>
<arg>${json['id']}</arg>
<doc>Makes a variable available everywhere within the scope of the current suite.</doc>
<status status="PASS" start="2026-02-11T20:30:58.483052" elapsed="0.001166"/>
</kw>
<status status="PASS" start="2026-02-11T20:30:58.467871" elapsed="0.017370"/>
</test>
<test id="s1-t13" name="View Orders By User" line="81">
<kw name="GET On Session" owner="RequestsLibrary">
<msg time="2026-02-11T20:30:58.492376" level="INFO">GET Request : url=http://127.0.0.1:5000/api/v1/users/1/orders 
 path_url=/api/v1/users/1/orders 
 headers={'User-Agent': 'python-requests/2.31.0', 'Accept-Encoding': 'gzip, deflate', 'Accept': '*/*', 'Connection': 'keep-alive'} 
 body=None 
 </msg>
<msg time="2026-02-11T20:30:58.493377" level="INFO">GET Response : url=http://127.0.0.1:5000/api/v1/users/1/orders 
 status=200, reason=OK 
 headers={'Server': 'Werkzeug/3.1.5 Python/3.12.1', 'Date': 'Wed, 11 Feb 2026 15:00:58 GMT', 'Content-Type': 'application/json', 'Content-Length': '110', 'Connection': 'close'} 
 body=[
  {
    "dishes": "[]",
    "id": 1,
    "restaurant_id": 1,
    "status": "placed",
    "user_id": 1
  }
]
 
 </msg>
<msg time="2026-02-11T20:30:58.493377" level="INFO">${res} = &lt;Response [200]&gt;</msg>
<var>${res}</var>
<arg>foodie</arg>
<arg>/users/${user_id}/orders</arg>
<doc>Sends a GET request on a previously created HTTP Session.</doc>
<status status="PASS" start="2026-02-11T20:30:58.487235" elapsed="0.006142"/>
</kw>
<kw name="Status Should Be" owner="RequestsLibrary">
<arg>200</arg>
<arg>${res}</arg>
<doc>Fails if response status code is different than the expected.</doc>
<status status="PASS" start="2026-02-11T20:30:58.494378" elapsed="0.000000"/>
</kw>
<status status="PASS" start="2026-02-11T20:30:58.486239" elapsed="0.009136"/>
</test>
<test id="s1-t14" name="View Orders By Restaurant" line="85">
<kw name="GET On Session" owner="RequestsLibrary">
<msg time="2026-02-11T20:30:58.503116" level="INFO">GET Request : url=http://127.0.0.1:5000/api/v1/restaurants/1/orders 
 path_url=/api/v1/restaurants/1/orders 
 headers={'User-Agent': 'python-requests/2.31.0', 'Accept-Encoding': 'gzip, deflate', 'Accept': '*/*', 'Connection': 'keep-alive'} 
 body=None 
 </msg>
<msg time="2026-02-11T20:30:58.503116" level="INFO">GET Response : url=http://127.0.0.1:5000/api/v1/restaurants/1/orders 
 status=200, reason=OK 
 headers={'Server': 'Werkzeug/3.1.5 Python/3.12.1', 'Date': 'Wed, 11 Feb 2026 15:00:58 GMT', 'Content-Type': 'application/json', 'Content-Length': '110', 'Connection': 'close'} 
 body=[
  {
    "dishes": "[]",
    "id": 1,
    "restaurant_id": 1,
    "status": "placed",
    "user_id": 1
  }
]
 
 </msg>
<msg time="2026-02-11T20:30:58.504201" level="INFO">${res} = &lt;Response [200]&gt;</msg>
<var>${res}</var>
<arg>foodie</arg>
<arg>/restaurants/${restaurant_id}/orders</arg>
<doc>Sends a GET request on a previously created HTTP Session.</doc>
<status status="PASS" start="2026-02-11T20:30:58.497391" elapsed="0.006810"/>
</kw>
<kw name="Status Should Be" owner="RequestsLibrary">
<arg>200</arg>
<arg>${res}</arg>
<doc>Fails if response status code is different than the expected.</doc>
<status status="PASS" start="2026-02-11T20:30:58.504201" elapsed="0.001005"/>
</kw>
<status status="PASS" start="2026-02-11T20:30:58.496373" elapsed="0.008833"/>
</test>
<test id="s1-t15" name="Give Rating" line="89">
<kw name="Create Dictionary" owner="BuiltIn">
<msg time="2026-02-11T20:30:58.509193" level="INFO">${body} = {'order_id': 1, 'rating': '5', 'comment': 'Excellent'}</msg>
<var>${body}</var>
<arg>order_id=${order_id}</arg>
<arg>rating=5</arg>
<arg>comment=Excellent</arg>
<doc>Creates and returns a dictionary based on the given ``items``.</doc>
<status status="PASS" start="2026-02-11T20:30:58.507198" elapsed="0.001995"/>
</kw>
<kw name="POST On Session" owner="RequestsLibrary">
<msg time="2026-02-11T20:30:58.516864" level="INFO">POST Request : url=http://127.0.0.1:5000/api/v1/ratings 
 path_url=/api/v1/ratings 
 headers={'User-Agent': 'python-requests/2.31.0', 'Accept-Encoding': 'gzip, deflate', 'Accept': '*/*', 'Connection': 'keep-alive', 'Content-Length': '54', 'Content-Type': 'application/json'} 
 body=b'{"order_id": 1, "rating": "5", "comment": "Excellent"}' 
 </msg>
<msg time="2026-02-11T20:30:58.516864" level="INFO">POST Response : url=http://127.0.0.1:5000/api/v1/ratings 
 status=201, reason=CREATED 
 headers={'Server': 'Werkzeug/3.1.5 Python/3.12.1', 'Date': 'Wed, 11 Feb 2026 15:00:58 GMT', 'Content-Type': 'application/json', 'Content-Length': '74', 'Connection': 'close'} 
 body={
  "comment": "Excellent",
  "id": 1,
  "order_id": 1,
  "rating": "5"
}
 
 </msg>
<msg time="2026-02-11T20:30:58.517890" level="INFO">${res} = &lt;Response [201]&gt;</msg>
<var>${res}</var>
<arg>foodie</arg>
<arg>/ratings</arg>
<arg>json=${body}</arg>
<doc>Sends a POST request on a previously created HTTP Session.</doc>
<status status="PASS" start="2026-02-11T20:30:58.510202" elapsed="0.007688"/>
</kw>
<kw name="Status Should Be" owner="RequestsLibrary">
<arg>201</arg>
<arg>${res}</arg>
<doc>Fails if response status code is different than the expected.</doc>
<status status="PASS" start="2026-02-11T20:30:58.518888" elapsed="0.000000"/>
</kw>
<status status="PASS" start="2026-02-11T20:30:58.507198" elapsed="0.012850"/>
</test>
<test id="s1-t16" name="Admin Approve Restaurant" line="94">
<kw name="PUT On Session" owner="RequestsLibrary">
<msg time="2026-02-11T20:30:58.528606" level="INFO">PUT Request : url=http://127.0.0.1:5000/api/v1/admin/restaurants/1/approve 
 path_url=/api/v1/admin/restaurants/1/approve 
 headers={'User-Agent': 'python-requests/2.31.0', 'Accept-Encoding': 'gzip, deflate', 'Accept': '*/*', 'Connection': 'keep-alive', 'Content-Length': '0'} 
 body=None 
 </msg>
<msg time="2026-02-11T20:30:58.530118" level="INFO">PUT Response : url=http://127.0.0.1:5000/api/v1/admin/restaurants/1/approve 
 status=200, reason=OK 
 headers={'Server': 'Werkzeug/3.1.5 Python/3.12.1', 'Date': 'Wed, 11 Feb 2026 15:00:58 GMT', 'Content-Type': 'application/json', 'Content-Length': '39', 'Connection': 'close'} 
 body={
  "message": "Restaurant approved"
}
 
 </msg>
<msg time="2026-02-11T20:30:58.530118" level="INFO">${res} = &lt;Response [200]&gt;</msg>
<var>${res}</var>
<arg>foodie</arg>
<arg>/admin/restaurants/${restaurant_id}/approve</arg>
<doc>Sends a PUT request on a previously created HTTP Session.</doc>
<status status="PASS" start="2026-02-11T20:30:58.522121" elapsed="0.007997"/>
</kw>
<kw name="Status Should Be" owner="RequestsLibrary">
<arg>200</arg>
<arg>${res}</arg>
<doc>Fails if response status code is different than the expected.</doc>
<status status="PASS" start="2026-02-11T20:30:58.531782" elapsed="0.001006"/>
</kw>
<status status="PASS" start="2026-02-11T20:30:58.521053" elapsed="0.012733"/>
</test>
<test id="s1-t17" name="Admin Disable Restaurant" line="98">
<kw name="PUT On Session" owner="RequestsLibrary">
<msg time="2026-02-11T20:30:58.542547" level="INFO">PUT Request : url=http://127.0.0.1:5000/api/v1/admin/restaurants/1/disable 
 path_url=/api/v1/admin/restaurants/1/disable 
 headers={'User-Agent': 'python-requests/2.31.0', 'Accept-Encoding': 'gzip, deflate', 'Accept': '*/*', 'Connection': 'keep-alive', 'Content-Length': '0'} 
 body=None 
 </msg>
<msg time="2026-02-11T20:30:58.542547" level="INFO">PUT Response : url=http://127.0.0.1:5000/api/v1/admin/restaurants/1/disable 
 status=200, reason=OK 
 headers={'Server': 'Werkzeug/3.1.5 Python/3.12.1', 'Date': 'Wed, 11 Feb 2026 15:00:58 GMT', 'Content-Type': 'application/json', 'Content-Length': '48', 'Connection': 'close'} 
 body={
  "message": "Restaurant disabled by admin"
}
 
 </msg>
<msg time="2026-02-11T20:30:58.542547" level="INFO">${res} = &lt;Response [200]&gt;</msg>
<var>${res}</var>
<arg>foodie</arg>
<arg>/admin/restaurants/${restaurant_id}/disable</arg>
<doc>Sends a PUT request on a previously created HTTP Session.</doc>
<status status="PASS" start="2026-02-11T20:30:58.535509" elapsed="0.007038"/>
</kw>
<kw name="Status Should Be" owner="RequestsLibrary">
<arg>200</arg>
<arg>${res}</arg>
<doc>Fails if response status code is different than the expected.</doc>
<status status="PASS" start="2026-02-11T20:30:58.543552" elapsed="0.000992"/>
</kw>
<status status="PASS" start="2026-02-11T20:30:58.534998" elapsed="0.010537"/>
</test>
<test id="s1-t18" name="Admin View Orders" line="102">
<kw name="GET On Session" owner="RequestsLibrary">
<msg time="2026-02-11T20:30:58.552795" level="INFO">GET Request : url=http://127.0.0.1:5000/api/v1/admin/orders 
 path_url=/api/v1/admin/orders 
 headers={'User-Agent': 'python-requests/2.31.0', 'Accept-Encoding': 'gzip, deflate', 'Accept': '*/*', 'Connection': 'keep-alive'} 
 body=None 
 </msg>
<msg time="2026-02-11T20:30:58.552795" level="INFO">GET Response : url=http://127.0.0.1:5000/api/v1/admin/orders 
 status=200, reason=OK 
 headers={'Server': 'Werkzeug/3.1.5 Python/3.12.1', 'Date': 'Wed, 11 Feb 2026 15:00:58 GMT', 'Content-Type': 'application/json', 'Content-Length': '110', 'Connection': 'close'} 
 body=[
  {
    "dishes": "[]",
    "id": 1,
    "restaurant_id": 1,
    "status": "placed",
    "user_id": 1
  }
]
 
 </msg>
<msg time="2026-02-11T20:30:58.554279" level="INFO">${res} = &lt;Response [200]&gt;</msg>
<var>${res}</var>
<arg>foodie</arg>
<arg>/admin/orders</arg>
<doc>Sends a GET request on a previously created HTTP Session.</doc>
<status status="PASS" start="2026-02-11T20:30:58.547547" elapsed="0.006732"/>
</kw>
<kw name="Status Should Be" owner="RequestsLibrary">
<arg>200</arg>
<arg>${res}</arg>
<doc>Fails if response status code is different than the expected.</doc>
<status status="PASS" start="2026-02-11T20:30:58.555373" elapsed="0.000000"/>
</kw>
<status status="PASS" start="2026-02-11T20:30:58.546533" elapsed="0.009866"/>
</test>
<kw name="Delete All Sessions" owner="RequestsLibrary" type="TEARDOWN">
<msg time="2026-02-11T20:30:58.557939" level="INFO">Deleting All Sessions</msg>
<doc>Removes all the session objects</doc>
<status status="PASS" start="2026-02-11T20:30:58.557939" elapsed="0.000000"/>
</kw>
<status status="PASS" start="2026-02-11T20:30:57.873938" elapsed="0.684001"/>
</suite>
<statistics>
<total>
<stat pass="18" fail="0" skip="0">All Tests</stat>
</total>
<tag>
</tag>
<suite>
<stat pass="18" fail="0" skip="0" id="s1" name="Restaurant Tests">Restaurant Tests</stat>
</suite>
</statistics>
<errors>
</errors>
</robot>
